action: py36, msg: getenv
cwd: /root/ccio-simplestreams
cmd: /root/ccio-simplestreams/.tox/py36/bin/python -m pip install -r/root/ccio-simplestreams/requirements.txt -r/root/ccio-simplestreams/dev-requirements.txt
Requirement already satisfied: setuptools>=28.7.1 in ./.tox/py36/lib/python3.6/site-packages (from -r /root/ccio-simplestreams/requirements.txt (line 1)) (46.1.3)
Collecting attrs>=15.2.0
  Using cached attrs-19.3.0-py2.py3-none-any.whl (39 kB)
Collecting click
  Using cached click-7.1.1-py2.py3-none-any.whl (82 kB)
Processing /root/.cache/pip/wheels/36/e5/49/ca61208c4aba16040b791ddcec42d6a27add3265e795532820/inotify-0.2.10-py3-none-any.whl
Collecting cryptography
  Using cached cryptography-2.8-cp34-abi3-manylinux2010_x86_64.whl (2.3 MB)
Collecting confight
  Using cached confight-1.3-py3-none-any.whl (9.0 kB)
Collecting mock
  Downloading mock-4.0.2-py3-none-any.whl (28 kB)
Collecting pyHamcrest
  Downloading PyHamcrest-2.0.2-py3-none-any.whl (52 kB)
Collecting pytest
  Downloading pytest-5.4.1-py3-none-any.whl (246 kB)
Collecting pytest-cov==2.5.1
  Downloading pytest_cov-2.5.1-py2.py3-none-any.whl (21 kB)
Collecting pytest-pep8
  Downloading pytest-pep8-1.0.6.tar.gz (7.3 kB)
Collecting nose
  Using cached nose-1.3.7-py3-none-any.whl (154 kB)
Collecting six>=1.4.1
  Using cached six-1.14.0-py2.py3-none-any.whl (10 kB)
Collecting cffi!=1.11.3,>=1.8
  Using cached cffi-1.14.0-cp36-cp36m-manylinux1_x86_64.whl (399 kB)
Collecting toml
  Using cached toml-0.10.0-py2.py3-none-any.whl (25 kB)
Collecting py>=1.5.0
  Using cached py-1.8.1-py2.py3-none-any.whl (83 kB)
Collecting packaging
  Using cached packaging-20.3-py2.py3-none-any.whl (37 kB)
Collecting wcwidth
  Downloading wcwidth-0.1.9-py2.py3-none-any.whl (19 kB)
Collecting more-itertools>=4.0.0
  Downloading more_itertools-8.2.0-py3-none-any.whl (43 kB)
Collecting importlib-metadata>=0.12; python_version < "3.8"
  Using cached importlib_metadata-1.6.0-py2.py3-none-any.whl (30 kB)
Collecting pluggy<1.0,>=0.12
  Using cached pluggy-0.13.1-py2.py3-none-any.whl (18 kB)
Collecting coverage>=3.7.1
  Downloading coverage-5.0.4-cp36-cp36m-manylinux1_x86_64.whl (227 kB)
Collecting pytest-cache
  Downloading pytest-cache-1.0.tar.gz (16 kB)
Collecting pep8>=1.3
  Downloading pep8-1.7.1-py2.py3-none-any.whl (41 kB)
Collecting pycparser
  Using cached pycparser-2.20-py2.py3-none-any.whl (112 kB)
Collecting pyparsing>=2.0.2
  Using cached pyparsing-2.4.6-py2.py3-none-any.whl (67 kB)
Collecting zipp>=0.5
  Downloading zipp-3.1.0-py3-none-any.whl (4.9 kB)
Collecting execnet>=1.1.dev1
  Downloading execnet-1.7.1-py2.py3-none-any.whl (39 kB)
Collecting apipkg>=1.4
  Downloading apipkg-1.5-py2.py3-none-any.whl (4.9 kB)
Building wheels for collected packages: pytest-pep8, pytest-cache
  Building wheel for pytest-pep8 (setup.py): started
  Building wheel for pytest-pep8 (setup.py): finished with status 'done'
  Created wheel for pytest-pep8: filename=pytest_pep8-1.0.6-py3-none-any.whl size=5599 sha256=f874c1e699b22e976b62f69f02052747342dc0ee23076ab98b8ba79d49a661ce
  Stored in directory: /root/.cache/pip/wheels/23/d5/e6/a0e3991c566924ea7fbc5a174c8e8ddf2c40bcb41ae32bdcb9
  Building wheel for pytest-cache (setup.py): started
  Building wheel for pytest-cache (setup.py): finished with status 'done'
  Created wheel for pytest-cache: filename=pytest_cache-1.0-py3-none-any.whl size=6930 sha256=ca5e4ce15799bbc5e90f448ee0289e8a467f60e152dcc1dc201c1a3ca4279419
  Stored in directory: /root/.cache/pip/wheels/1a/af/c9/28c17870e142169f9f10ded868d34f1119a1aa2321d31f05d6
Successfully built pytest-pep8 pytest-cache
Installing collected packages: attrs, click, nose, inotify, six, pycparser, cffi, cryptography, toml, confight, mock, pyHamcrest, py, pyparsing, packaging, wcwidth, more-itertools, zipp, importlib-metadata, pluggy, pytest, coverage, pytest-cov, apipkg, execnet, pytest-cache, pep8, pytest-pep8
Successfully installed apipkg-1.5 attrs-19.3.0 cffi-1.14.0 click-7.1.1 confight-1.3 coverage-5.0.4 cryptography-2.8 execnet-1.7.1 importlib-metadata-1.6.0 inotify-0.2.10 mock-4.0.2 more-itertools-8.2.0 nose-1.3.7 packaging-20.3 pep8-1.7.1 pluggy-0.13.1 py-1.8.1 pyHamcrest-2.0.2 pycparser-2.20 pyparsing-2.4.6 pytest-5.4.1 pytest-cache-1.0 pytest-cov-2.5.1 pytest-pep8-1.0.6 six-1.14.0 toml-0.10.0 wcwidth-0.1.9 zipp-3.1.0
