action: py36, msg: envreport
cwd: /root/ccio-simplestreams
cmd: /root/ccio-simplestreams/.tox/py36/bin/python -m pip freeze
apipkg==1.5
attrs==19.3.0
cffi==1.14.0
click==7.1.1
confight==1.3
coverage==5.0.4
cryptography==2.8
execnet==1.7.1
importlib-metadata==1.6.0
inotify==0.2.10
lxd-image-server==0.0.1
mock==4.0.2
more-itertools==8.2.0
nose==1.3.7
packaging==20.3
pep8==1.7.1
pluggy==0.13.1
py==1.8.1
pycparser==2.20
PyHamcrest==2.0.2
pyparsing==2.4.6
pytest==5.4.1
pytest-cache==1.0
pytest-cov==2.5.1
pytest-pep8==1.0.6
six==1.14.0
toml==0.10.0
wcwidth==0.1.9
zipp==3.1.0
