action: py36, msg: installpkg
cwd: /root/ccio-simplestreams
cmd: /root/ccio-simplestreams/.tox/py36/bin/python -m pip install --exists-action w .tox/.tmp/package/1/lxd-image-server-0.0.1.zip
Processing ./.tox/.tmp/package/1/lxd-image-server-0.0.1.zip
Requirement already satisfied: setuptools>=28.7.1 in ./.tox/py36/lib/python3.6/site-packages (from lxd-image-server==0.0.1) (46.1.3)
Requirement already satisfied: attrs>=15.2.0 in ./.tox/py36/lib/python3.6/site-packages (from lxd-image-server==0.0.1) (19.3.0)
Requirement already satisfied: click in ./.tox/py36/lib/python3.6/site-packages (from lxd-image-server==0.0.1) (7.1.1)
Requirement already satisfied: inotify in ./.tox/py36/lib/python3.6/site-packages (from lxd-image-server==0.0.1) (0.2.10)
Requirement already satisfied: cryptography in ./.tox/py36/lib/python3.6/site-packages (from lxd-image-server==0.0.1) (2.8)
Requirement already satisfied: confight in ./.tox/py36/lib/python3.6/site-packages (from lxd-image-server==0.0.1) (1.3)
Requirement already satisfied: nose in ./.tox/py36/lib/python3.6/site-packages (from inotify->lxd-image-server==0.0.1) (1.3.7)
Requirement already satisfied: six>=1.4.1 in ./.tox/py36/lib/python3.6/site-packages (from cryptography->lxd-image-server==0.0.1) (1.14.0)
Requirement already satisfied: cffi!=1.11.3,>=1.8 in ./.tox/py36/lib/python3.6/site-packages (from cryptography->lxd-image-server==0.0.1) (1.14.0)
Requirement already satisfied: toml in ./.tox/py36/lib/python3.6/site-packages (from confight->lxd-image-server==0.0.1) (0.10.0)
Requirement already satisfied: pycparser in ./.tox/py36/lib/python3.6/site-packages (from cffi!=1.11.3,>=1.8->cryptography->lxd-image-server==0.0.1) (2.20)
Building wheels for collected packages: lxd-image-server
  Building wheel for lxd-image-server (setup.py): started
  Building wheel for lxd-image-server (setup.py): finished with status 'done'
  Created wheel for lxd-image-server: filename=lxd_image_server-0.0.1-py3-none-any.whl size=17975 sha256=bf0c9fbab3d5ba4b7beb1d441914d64f5228f026483ac1838198de239c4507a2
  Stored in directory: /root/.cache/pip/wheels/9b/8b/a2/7d27739eb184f1cffb62e162a34747b04d6f1578a872063051
Successfully built lxd-image-server
Installing collected packages: lxd-image-server
  Attempting uninstall: lxd-image-server
    Found existing installation: lxd-image-server 0.0.1
    Not uninstalling lxd-image-server at /root/ccio-simplestreams, outside environment /root/ccio-simplestreams/.tox/py36
    Can't uninstall 'lxd-image-server'. No files were found to uninstall.
Successfully installed lxd-image-server-0.0.1
